SEVERE	?	main	2016-09-20T16:24:03.447Z	org.javacs.Main$4#onError	Can't find configuration file for /home/apetrov/University/bachelor/3rdYear/pcd-course/progetto-pcd/pcd-actors/src/main/java/it/unipd/math/pcd/actors/AbsActor.java
org.javacs.NoJavaConfigException: Can't find configuration file for /home/apetrov/University/bachelor/3rdYear/pcd-course/progetto-pcd/pcd-actors/src/main/java/it/unipd/math/pcd/actors/AbsActor.java
	at org.javacs.JavaLanguageServer.lambda$findCompiler$22(JavaLanguageServer.java:462)
	at java.util.Optional.orElseThrow(Optional.java:290)
	at org.javacs.JavaLanguageServer.findCompiler(JavaLanguageServer.java:462)
	at org.javacs.JavaLanguageServer.autocomplete(JavaLanguageServer.java:964)
	at org.javacs.JavaLanguageServer$1.completion(JavaLanguageServer.java:115)
	at io.typefox.lsapi.services.transport.server.LanguageServerEndpoint._doAccept(LanguageServerEndpoint.xtend:126)
	at io.typefox.lsapi.services.transport.server.LanguageServerEndpoint.doAccept(LanguageServerEndpoint.xtend:117)
	at io.typefox.lsapi.services.transport.server.LanguageServerEndpoint.accept(LanguageServerEndpoint.xtend:114)
	at io.typefox.lsapi.services.transport.server.LanguageServerEndpoint.accept(LanguageServerEndpoint.xtend)
	at io.typefox.lsapi.services.transport.AbstractLanguageEndpoint.handleMessage(LanguageEndpoint.xtend:67)
	at io.typefox.lsapi.services.transport.AbstractLanguageEndpoint.lambda$connect$4(LanguageEndpoint.xtend:61)
	at io.typefox.lsapi.services.json.StreamMessageReader$1.apply(StreamMessageReader.java:45)
	at io.typefox.lsapi.services.json.StreamMessageReader$1.apply(StreamMessageReader.java:43)
	at io.typefox.lsapi.services.json.StreamMessageReader.handleMessage(StreamMessageReader.xtend:128)
	at io.typefox.lsapi.services.json.StreamMessageReader.listen(StreamMessageReader.xtend:61)
	at io.typefox.lsapi.services.transport.AbstractLanguageEndpoint.connect(LanguageEndpoint.xtend:60)
	at org.javacs.Main.run(Main.java:150)
	at org.javacs.Main.main(Main.java:69)

SEVERE	?	main	2016-09-20T16:24:03.625Z	org.javacs.Main$4#onError	Can't find configuration file for /home/apetrov/University/bachelor/3rdYear/pcd-course/progetto-pcd/pcd-actors/src/main/java/it/unipd/math/pcd/actors/AbsActor.java
org.javacs.NoJavaConfigException: Can't find configuration file for /home/apetrov/University/bachelor/3rdYear/pcd-course/progetto-pcd/pcd-actors/src/main/java/it/unipd/math/pcd/actors/AbsActor.java
	at org.javacs.JavaLanguageServer.lambda$findCompiler$22(JavaLanguageServer.java:462)
	at java.util.Optional.orElseThrow(Optional.java:290)
	at org.javacs.JavaLanguageServer.findCompiler(JavaLanguageServer.java:462)
	at org.javacs.JavaLanguageServer.autocomplete(JavaLanguageServer.java:964)
	at org.javacs.JavaLanguageServer$1.completion(JavaLanguageServer.java:115)
	at io.typefox.lsapi.services.transport.server.LanguageServerEndpoint._doAccept(LanguageServerEndpoint.xtend:126)
	at io.typefox.lsapi.services.transport.server.LanguageServerEndpoint.doAccept(LanguageServerEndpoint.xtend:117)
	at io.typefox.lsapi.services.transport.server.LanguageServerEndpoint.accept(LanguageServerEndpoint.xtend:114)
	at io.typefox.lsapi.services.transport.server.LanguageServerEndpoint.accept(LanguageServerEndpoint.xtend)
	at io.typefox.lsapi.services.transport.AbstractLanguageEndpoint.handleMessage(LanguageEndpoint.xtend:67)
	at io.typefox.lsapi.services.transport.AbstractLanguageEndpoint.lambda$connect$4(LanguageEndpoint.xtend:61)
	at io.typefox.lsapi.services.json.StreamMessageReader$1.apply(StreamMessageReader.java:45)
	at io.typefox.lsapi.services.json.StreamMessageReader$1.apply(StreamMessageReader.java:43)
	at io.typefox.lsapi.services.json.StreamMessageReader.handleMessage(StreamMessageReader.xtend:128)
	at io.typefox.lsapi.services.json.StreamMessageReader.listen(StreamMessageReader.xtend:61)
	at io.typefox.lsapi.services.transport.AbstractLanguageEndpoint.connect(LanguageEndpoint.xtend:60)
	at org.javacs.Main.run(Main.java:150)
	at org.javacs.Main.main(Main.java:69)

SEVERE	?	main	2016-09-20T16:24:05.374Z	org.javacs.Main$4#onError	Can't find configuration file for /home/apetrov/University/bachelor/3rdYear/pcd-course/progetto-pcd/pcd-actors/src/main/java/it/unipd/math/pcd/actors/AbsActor.java
org.javacs.NoJavaConfigException: Can't find configuration file for /home/apetrov/University/bachelor/3rdYear/pcd-course/progetto-pcd/pcd-actors/src/main/java/it/unipd/math/pcd/actors/AbsActor.java
	at org.javacs.JavaLanguageServer.lambda$findCompiler$22(JavaLanguageServer.java:462)
	at java.util.Optional.orElseThrow(Optional.java:290)
	at org.javacs.JavaLanguageServer.findCompiler(JavaLanguageServer.java:462)
	at org.javacs.JavaLanguageServer.autocomplete(JavaLanguageServer.java:964)
	at org.javacs.JavaLanguageServer$1.completion(JavaLanguageServer.java:115)
	at io.typefox.lsapi.services.transport.server.LanguageServerEndpoint._doAccept(LanguageServerEndpoint.xtend:126)
	at io.typefox.lsapi.services.transport.server.LanguageServerEndpoint.doAccept(LanguageServerEndpoint.xtend:117)
	at io.typefox.lsapi.services.transport.server.LanguageServerEndpoint.accept(LanguageServerEndpoint.xtend:114)
	at io.typefox.lsapi.services.transport.server.LanguageServerEndpoint.accept(LanguageServerEndpoint.xtend)
	at io.typefox.lsapi.services.transport.AbstractLanguageEndpoint.handleMessage(LanguageEndpoint.xtend:67)
	at io.typefox.lsapi.services.transport.AbstractLanguageEndpoint.lambda$connect$4(LanguageEndpoint.xtend:61)
	at io.typefox.lsapi.services.json.StreamMessageReader$1.apply(StreamMessageReader.java:45)
	at io.typefox.lsapi.services.json.StreamMessageReader$1.apply(StreamMessageReader.java:43)
	at io.typefox.lsapi.services.json.StreamMessageReader.handleMessage(StreamMessageReader.xtend:128)
	at io.typefox.lsapi.services.json.StreamMessageReader.listen(StreamMessageReader.xtend:61)
	at io.typefox.lsapi.services.transport.AbstractLanguageEndpoint.connect(LanguageEndpoint.xtend:60)
	at org.javacs.Main.run(Main.java:150)
	at org.javacs.Main.main(Main.java:69)

